<?xml version="1.0" encoding="UTF-8"?>
<!-- Generated by org.testng.reporters.JUnitReportReporter -->
<testsuite hostname="DESKTOP-PRVHUFE" failures="0" tests="4" name="com.salesforceAutomationScripts.SalesForceSheet3" time="0.019" errors="1" timestamp="2022-10-26T20:15:15 PDT" skipped="3">
  <testcase classname="com.salesforceAutomationScripts.SalesForceSheet3" name="editview" time="0.000">
    <skipped/>
  </testcase> <!-- editview -->
  <system-out/>
  <testcase classname="com.salesforceAutomationScripts.SalesForceSheet3" name="createaccount" time="0.001">
    <skipped/>
  </testcase> <!-- createaccount -->
  <system-out/>
  <testcase classname="com.salesforceAutomationScripts.SalesForceSheet3" name="createnewview" time="0.000">
    <skipped/>
  </testcase> <!-- createnewview -->
  <system-out/>
  <testcase classname="com.salesforceAutomationScripts.SalesForceSheet3" name="beforetest" time="0.018">
    <error message="Cannot invoke &quot;com.salesforceAutomationScripts.ExtentReportSalesforce.getInstance()&quot; because &quot;com.salesforce.Base.Base.report&quot; is null" type="java.lang.NullPointerException">
      <![CDATA[java.lang.NullPointerException: Cannot invoke "com.salesforceAutomationScripts.ExtentReportSalesforce.getInstance()" because "com.salesforce.Base.Base.report" is null
at com.salesforce.Base.Base.beforetest(Base.java:54)
at java.base/jdk.internal.reflect.NativeMethodAccessorImpl.invoke0(Native Method)
at java.base/jdk.internal.reflect.NativeMethodAccessorImpl.invoke(NativeMethodAccessorImpl.java:77)
at java.base/jdk.internal.reflect.DelegatingMethodAccessorImpl.invoke(DelegatingMethodAccessorImpl.java:43)
at java.base/java.lang.reflect.Method.invoke(Method.java:568)
at org.testng.internal.invokers.MethodInvocationHelper.invokeMethod(MethodInvocationHelper.java:139)
at org.testng.internal.invokers.MethodInvocationHelper.invokeMethodConsideringTimeout(MethodInvocationHelper.java:69)
at org.testng.internal.invokers.ConfigInvoker.invokeConfigurationMethod(ConfigInvoker.java:361)
at org.testng.internal.invokers.ConfigInvoker.invokeConfigurations(ConfigInvoker.java:296)
at org.testng.TestRunner.invokeTestConfigurations(TestRunner.java:643)
at org.testng.TestRunner.beforeRun(TestRunner.java:632)
at org.testng.TestRunner.run(TestRunner.java:594)
at org.testng.SuiteRunner.runTest(SuiteRunner.java:433)
at org.testng.SuiteRunner.runSequentially(SuiteRunner.java:427)
at org.testng.SuiteRunner.privateRun(SuiteRunner.java:387)
at org.testng.SuiteRunner.run(SuiteRunner.java:330)
at org.testng.SuiteRunnerWorker.runSuite(SuiteRunnerWorker.java:52)
at org.testng.SuiteRunnerWorker.run(SuiteRunnerWorker.java:95)
at org.testng.TestNG.runSuitesSequentially(TestNG.java:1256)
at org.testng.TestNG.runSuitesLocally(TestNG.java:1176)
at org.testng.TestNG.runSuites(TestNG.java:1099)
at org.testng.TestNG.run(TestNG.java:1067)
at org.testng.remote.AbstractRemoteTestNG.run(AbstractRemoteTestNG.java:115)
at org.testng.remote.RemoteTestNG.initAndRun(RemoteTestNG.java:251)
at org.testng.remote.RemoteTestNG.main(RemoteTestNG.java:77)
]]>
    </error>
  </testcase> <!-- beforetest -->
  <system-out/>
</testsuite> <!-- com.salesforceAutomationScripts.SalesForceSheet3 -->
