<?xml version="1.0" encoding="UTF-8"?>
<!-- Generated by org.testng.reporters.JUnitReportReporter -->
<testsuite hostname="DESKTOP-PRVHUFE" failures="0" tests="1" name="com.salesforce.TestCode" time="8.329" errors="0" timestamp="2022-10-04T20:03:58 PDT" skipped="0">
  <testcase classname="com.salesforce.TestCode" name="Navigsfdc" time="8.329"/>
  <system-out/>
</testsuite> <!-- com.salesforce.TestCode -->
