<?xml version="1.0" encoding="UTF-8"?>
<!-- Generated by org.testng.reporters.JUnitReportReporter -->
<testsuite hostname="DESKTOP-PRVHUFE" failures="0" tests="5" name="com.salesforceAutomationScripts.SaleforceSheet2" time="0.001" errors="0" timestamp="2022-10-26T20:15:15 PDT" skipped="5">
  <testcase classname="com.salesforceAutomationScripts.SaleforceSheet2" name="settingsmenu" time="0.000">
    <skipped/>
  </testcase> <!-- settingsmenu -->
  <system-out/>
  <testcase classname="com.salesforceAutomationScripts.SaleforceSheet2" name="menudropdown" time="0.000">
    <skipped/>
  </testcase> <!-- menudropdown -->
  <system-out/>
  <testcase classname="com.salesforceAutomationScripts.SaleforceSheet2" name="profileMenu" time="0.000">
    <skipped/>
  </testcase> <!-- profileMenu -->
  <system-out/>
  <testcase classname="com.salesforceAutomationScripts.SaleforceSheet2" name="devloperconsole" time="0.001">
    <skipped/>
  </testcase> <!-- devloperconsole -->
  <system-out/>
  <testcase classname="com.salesforceAutomationScripts.SaleforceSheet2" name="Logoutmenu" time="0.000">
    <skipped/>
  </testcase> <!-- Logoutmenu -->
  <system-out/>
</testsuite> <!-- com.salesforceAutomationScripts.SaleforceSheet2 -->
