<?xml version="1.0" encoding="UTF-8"?>
<!-- Generated by org.testng.reporters.JUnitReportReporter -->
<testsuite hostname="DESKTOP-PRVHUFE" failures="0" tests="1" name="com.salesforce.SalesForceSheet1" time="6.207" errors="0" timestamp="2022-10-05T12:25:26 PDT" skipped="0">
  <testcase classname="com.salesforce.SalesForceSheet1" name="valerrormsg" time="6.207"/>
  <system-out/>
</testsuite> <!-- com.salesforce.SalesForceSheet1 -->
